Build started 4/11/2014 10:07:41 a.m..
     1>Project "D:\Users\jc.fowles\Desktop\Space Invaders\Space Invaders\Space Invaders.vcxproj" on node 2 (Build target(s)).
     1>ClCompile:
         C:\Program Files (x86)\Microsoft Visual Studio 11.0\VC\bin\CL.exe /c /ZI /nologo /W3 /WX- /sdl /Od /Oy- /D WIN32 /D _DEBUG /D _WINDOWS /D _UNICODE /D UNICODE /Gm /EHsc /RTC1 /MDd /GS /fp:precise /Zc:wchar_t /Zc:forScope /Fo"Debug\\" /Fd"Debug\vc110.pdb" /Gd /TP /analyze- /errorReport:prompt Alien.cpp AlienColumn.cpp Backbuffer.cpp Clock.cpp Entity.cpp Game.cpp Level.cpp main.cpp PlayerProjectile.cpp PlayerShip.cpp Sprite.cpp
         Sprite.cpp
         PlayerShip.cpp
         PlayerProjectile.cpp
         main.cpp
         Level.cpp
         Game.cpp
         Entity.cpp
         Clock.cpp
         Backbuffer.cpp
         AlienColumn.cpp
         Alien.cpp
         Generating Code...
       ResourceCompile:
         C:\Program Files (x86)\Windows Kits\8.0\bin\x86\rc.exe /D _UNICODE /D UNICODE /l"0x0409" /nologo /fo"Debug\Space Invaders.res" "Space Invaders.rc" 
       Link:
         C:\Program Files (x86)\Microsoft Visual Studio 11.0\VC\bin\link.exe /ERRORREPORT:PROMPT /OUT:"D:\Users\jc.fowles\Desktop\Space Invaders\Debug\Space Invaders.exe" /INCREMENTAL /NOLOGO winmm.lib kernel32.lib user32.lib gdi32.lib winspool.lib comdlg32.lib advapi32.lib shell32.lib ole32.lib oleaut32.lib uuid.lib odbc32.lib odbccp32.lib /MANIFEST /MANIFESTUAC:"level='asInvoker' uiAccess='false'" /manifest:embed /DEBUG /PDB:"D:\Users\jc.fowles\Desktop\Space Invaders\Debug\Space Invaders.pdb" /SUBSYSTEM:WINDOWS /TLBID:1 /DYNAMICBASE /NXCOMPAT /IMPLIB:"D:\Users\jc.fowles\Desktop\Space Invaders\Debug\Space Invaders.lib" /MACHINE:X86 "Debug\Space Invaders.res"
         Debug\Alien.obj
         Debug\AlienColumn.obj
         Debug\Backbuffer.obj
         Debug\Clock.obj
         Debug\Entity.obj
         Debug\Game.obj
         Debug\Level.obj
         Debug\main.obj
         Debug\PlayerProjectile.obj
         Debug\PlayerShip.obj
         Debug\Sprite.obj
         Space Invaders.vcxproj -> D:\Users\jc.fowles\Desktop\Space Invaders\Debug\Space Invaders.exe
     1>Done Building Project "D:\Users\jc.fowles\Desktop\Space Invaders\Space Invaders\Space Invaders.vcxproj" (Build target(s)).

Build succeeded.

Time Elapsed 00:00:13.01
